<?xml version="1.0" encoding="UTF-8"?>
<testng-results skipped="0" failed="0" ignored="0" total="1" passed="1">
  <reporter-output>
  </reporter-output>
  <suite name="Suite" duration-ms="10251" started-at="2020-10-18T19:55:54Z" finished-at="2020-10-18T19:56:04Z">
    <groups>
    </groups>
    <test name="Test" duration-ms="10251" started-at="2020-10-18T19:55:54Z" finished-at="2020-10-18T19:56:04Z">
      <class name="exemple.NewTest">
        <test-method status="PASS" signature="beforeTest()[pri:0, instance:exemple.NewTest@6fb554cc]" name="beforeTest" is-config="true" duration-ms="4598" started-at="2020-10-18T21:55:54Z" finished-at="2020-10-18T21:55:58Z">
          <reporter-output>
          </reporter-output>
        </test-method> <!-- beforeTest -->
        <test-method status="PASS" signature="testEasy()[pri:0, instance:exemple.NewTest@6fb554cc]" name="testEasy" duration-ms="4705" started-at="2020-10-18T21:55:58Z" finished-at="2020-10-18T21:56:03Z">
          <reporter-output>
          </reporter-output>
        </test-method> <!-- testEasy -->
        <test-method status="PASS" signature="afterTest()[pri:0, instance:exemple.NewTest@6fb554cc]" name="afterTest" is-config="true" duration-ms="933" started-at="2020-10-18T21:56:03Z" finished-at="2020-10-18T21:56:04Z">
          <reporter-output>
          </reporter-output>
        </test-method> <!-- afterTest -->
      </class> <!-- exemple.NewTest -->
    </test> <!-- Test -->
  </suite> <!-- Suite -->
</testng-results>
